<?xml version="1.0" encoding="UTF-8"?>
<!-- Generated by org.testng.reporters.JUnitXMLReporter -->
<testsuite hostname="LAP33" ignored="1" name="Default test" tests="1" failures="0" timestamp="2021-02-21T12:50:58 IST" time="74.24" errors="0">
  <testcase name="MakeBillWithSearchPatientUhid" time="63.348" classname="com.aspl.test.website.OPBilling.OPBillingPageTest"/>
  <testcase name="OPBillingTestMethod" time="0.0" classname="com.aspl.test.website.OPBilling.OPBillingPageTest">
    <ignored/>
  </testcase> <!-- OPBillingTestMethod -->
</testsuite> <!-- Default test -->
