<?xml version="1.0" encoding="UTF-8"?>
<testng-results skipped="0" failed="0" ignored="1" total="2" passed="1">
  <reporter-output>
  </reporter-output>
  <suite name="Default suite" duration-ms="74240" started-at="2021-02-21T12:49:44 IST" finished-at="2021-02-21T12:50:58 IST">
    <groups>
    </groups>
    <test name="Default test" duration-ms="74240" started-at="2021-02-21T12:49:44 IST" finished-at="2021-02-21T12:50:58 IST">
      <class name="com.aspl.test.website.OPBilling.OPBillingPageTest">
        <test-method status="PASS" signature="setup()[pri:0, instance:com.aspl.test.website.OPBilling.OPBillingPageTest@48f2bd5b]" name="setup" is-config="true" duration-ms="10823" started-at="2021-02-21T12:49:44 IST" finished-at="2021-02-21T12:49:54 IST">
          <reporter-output>
          </reporter-output>
        </test-method> <!-- setup -->
        <test-method status="PASS" signature="MakeBillWithSearchPatientUhid()[pri:2, instance:com.aspl.test.website.OPBilling.OPBillingPageTest@48f2bd5b]" name="MakeBillWithSearchPatientUhid" duration-ms="63348" started-at="2021-02-21T12:49:54 IST" finished-at="2021-02-21T12:50:58 IST">
          <reporter-output>
          </reporter-output>
        </test-method> <!-- MakeBillWithSearchPatientUhid -->
      </class> <!-- com.aspl.test.website.OPBilling.OPBillingPageTest -->
    </test> <!-- Default test -->
  </suite> <!-- Default suite -->
</testng-results>
